<?xml version="1.0" encoding="UTF-8"?>
<!-- Generated by org.testng.reporters.JUnitReportReporter -->
<testsuite hostname="WSAMZN-99H4MVRI" failures="0" tests="2" name="TestRunner" time="31.593" errors="0" timestamp="2021-09-13T09:03:03 GMT" skipped="0">
  <testcase classname="TestRunner" name="runScenario" time="18.711"/>
  <system-out/>
  <testcase classname="TestRunner" name="runScenario" time="12.882"/>
  <system-out/>
</testsuite> <!-- TestRunner -->
